<?xml version="1.0" encoding="UTF-8"?>
<!-- Generated by org.testng.reporters.JUnitReportReporter -->
<testsuite skipped="0" hostname="Laptop" name="com.testngfeatures.Simple_Annotations" tests="5" failures="0" timestamp="2022-04-23T08:38:31 IST" time="0.022" errors="0">
  <testcase name="youth" time="0.008" classname="com.testngfeatures.Simple_Annotations"/>
  <system-out/>
  <testcase name="kids" time="0.002" classname="com.testngfeatures.Simple_Annotations"/>
  <system-out/>
  <testcase name="kids" time="0.004" classname="com.testngfeatures.Simple_Annotations"/>
  <system-out/>
  <testcase name="kids" time="0.005" classname="com.testngfeatures.Simple_Annotations"/>
  <system-out/>
  <testcase name="Aged" time="0.003" classname="com.testngfeatures.Simple_Annotations"/>
  <system-out/>
</testsuite> <!-- com.testngfeatures.Simple_Annotations -->
