<?xml version="1.0" encoding="UTF-8"?>
<!-- Generated by org.testng.reporters.JUnitReportReporter -->
<testsuite skipped="1" hostname="Laptop" name="com.testngfeatures.Ignore_Concept" tests="3" failures="0" timestamp="2022-04-28T12:39:39 IST" time="0.009" errors="0">
  <testcase name="grapes" time="0.001" classname="com.testngfeatures.Ignore_Concept"/>
  <system-out/>
  <testcase name="apple" time="0.008" classname="com.testngfeatures.Ignore_Concept"/>
  <system-out/>
  <testcase name="jasmine" classname="com.testngfeatures.Ignore_Concept">
    <skipped/>
  </testcase> <!-- jasmine -->
  <system-out/>
</testsuite> <!-- com.testngfeatures.Ignore_Concept -->
