<?xml version="1.0" encoding="UTF-8"?>
<!-- Generated by org.testng.reporters.JUnitReportReporter -->
<testsuite skipped="0" hostname="Laptop" name="com.testngfeatures.Dependency_Concept" tests="2" failures="0" timestamp="2022-04-28T13:07:10 IST" time="0.010" errors="0">
  <testcase name="MasterDegree" time="0.002" classname="com.testngfeatures.Dependency_Concept"/>
  <system-out/>
  <testcase name="BachelorDegree" time="0.008" classname="com.testngfeatures.Dependency_Concept"/>
  <system-out/>
</testsuite> <!-- com.testngfeatures.Dependency_Concept -->
