<?xml version="1.0" encoding="UTF-8"?>
<!-- Generated by org.testng.reporters.JUnitReportReporter -->
<testsuite skipped="0" hostname="Laptop" name="com.testngfeatures.Timeout_Concept" tests="1" failures="0" timestamp="2022-04-28T13:31:05 IST" time="8.030" errors="0">
  <testcase name="login" time="8.030" classname="com.testngfeatures.Timeout_Concept"/>
  <system-out/>
</testsuite> <!-- com.testngfeatures.Timeout_Concept -->
