<?xml version="1.0" encoding="UTF-8"?>
<!-- Generated by org.testng.reporters.JUnitReportReporter -->
<testsuite skipped="0" hostname="Laptop" name="com.testngfeatures.Grouping_Concept" tests="2" failures="0" timestamp="2022-04-28T13:00:36 IST" time="0.011" errors="0">
  <testcase name="jasmine" time="0.010" classname="com.testngfeatures.Grouping_Concept"/>
  <system-out/>
  <testcase name="rose" time="0.001" classname="com.testngfeatures.Grouping_Concept"/>
  <system-out/>
</testsuite> <!-- com.testngfeatures.Grouping_Concept -->
