<?xml version="1.0" encoding="UTF-8"?>
<!-- Generated by org.testng.reporters.JUnitReportReporter -->
<testsuite skipped="0" hostname="Laptop" name="com.testngfeatures.Parameterized_Concept" tests="1" failures="0" timestamp="2022-04-28T14:13:51 IST" time="0.011" errors="0">
  <testcase name="login" time="0.011" classname="com.testngfeatures.Parameterized_Concept"/>
  <system-out/>
</testsuite> <!-- com.testngfeatures.Parameterized_Concept -->
