<?xml version="1.0" encoding="UTF-8"?>
<!-- Generated by org.testng.reporters.JUnitReportReporter -->
<testsuite skipped="0" hostname="Laptop" name="com.testngfeatures.Parallel_Testing" tests="2" failures="0" timestamp="2022-04-29T00:00:03 IST" time="0.010" errors="0">
  <testcase name="instagram" time="0.001" classname="com.testngfeatures.Parallel_Testing"/>
  <system-out/>
  <testcase name="facebook" time="0.009" classname="com.testngfeatures.Parallel_Testing"/>
  <system-out/>
</testsuite> <!-- com.testngfeatures.Parallel_Testing -->
